C:\Program Files (x86)\Microsoft Visual Studio\2017\Community\Common7\IDE\VC\VCTargets\Microsoft.CppBuild.targets(391,5): warning MSB8028: The intermediate directory (x64\Debug\) contains files shared from another project (Project2.vcxproj, Project3.vcxproj, Project4.vcxproj, Project5.vcxproj, Project6.vcxproj, Project7.vcxproj).  This can lead to incorrect clean and rebuild behavior.
  lodepng.cpp
c:\users\mikeg\desktop\projects\school\cs 5610\cs5610-finalproject\deferredshading\deferredshading\source\lodepng.cpp(3388): warning C4267: 'argument': conversion from 'size_t' to 'unsigned int', possible loss of data
c:\users\mikeg\desktop\projects\school\cs 5610\cs5610-finalproject\deferredshading\deferredshading\source\lodepng.cpp(4337): warning C4267: '=': conversion from 'size_t' to 'unsigned int', possible loss of data
  Main.cpp
c:\users\mikeg\desktop\projects\school\cs 5610\cs5610-finalproject\deferredshading\deferredshading\source\headers\camera.hpp(56): warning C4244: 'argument': conversion from 'double' to 'TYPE', possible loss of data
          with
          [
              TYPE=float
          ]
c:\users\mikeg\desktop\projects\school\cs 5610\cs5610-finalproject\deferredshading\deferredshading\source\headers\camera.hpp(57): warning C4244: 'argument': conversion from 'double' to 'TYPE', possible loss of data
          with
          [
              TYPE=float
          ]
c:\users\mikeg\desktop\projects\school\cs 5610\cs5610-finalproject\deferredshading\deferredshading\source\headers\camera.hpp(62): warning C4244: 'argument': conversion from 'int' to 'const TYPE', possible loss of data
          with
          [
              TYPE=float
          ]
c:\users\mikeg\desktop\projects\school\cs 5610\cs5610-finalproject\deferredshading\deferredshading\source\main.cpp(26): warning C4091: 'typedef ': ignored on left of 'VertexInfo' when no variable is declared
c:\users\mikeg\desktop\projects\school\cs 5610\cs5610-finalproject\deferredshading\deferredshading\source\main.cpp(79): warning C4018: '<': signed/unsigned mismatch
c:\users\mikeg\desktop\projects\school\cs 5610\cs5610-finalproject\deferredshading\deferredshading\source\main.cpp(403): warning C4267: 'argument': conversion from 'size_t' to 'GLsizei', possible loss of data
c:\users\mikeg\desktop\projects\school\cs 5610\cs5610-finalproject\deferredshading\deferredshading\source\main.cpp(410): warning C4267: 'argument': conversion from 'size_t' to 'GLsizei', possible loss of data
c:\users\mikeg\desktop\projects\school\cs 5610\cs5610-finalproject\deferredshading\deferredshading\source\main.cpp(464): warning C4244: 'argument': conversion from 'float' to 'int', possible loss of data
c:\users\mikeg\desktop\projects\school\cs 5610\cs5610-finalproject\deferredshading\deferredshading\source\main.cpp(471): warning C4244: 'argument': conversion from 'float' to 'int', possible loss of data
c:\users\mikeg\desktop\projects\school\cs 5610\cs5610-finalproject\deferredshading\deferredshading\source\main.cpp(494): warning C4267: 'argument': conversion from 'size_t' to 'GLsizei', possible loss of data
c:\users\mikeg\desktop\projects\school\cs 5610\cs5610-finalproject\deferredshading\deferredshading\source\main.cpp(499): warning C4267: 'argument': conversion from 'size_t' to 'GLsizei', possible loss of data
  Generating Code...
LINK : warning LNK4098: defaultlib 'MSVCRT' conflicts with use of other libs; use /NODEFAULTLIB:library
LINK : warning LNK4098: defaultlib 'LIBCMT' conflicts with use of other libs; use /NODEFAULTLIB:library
glew32s.lib(glew.obj) : warning LNK4099: PDB 'vc120.pdb' was not found with 'glew32s.lib(glew.obj)' or at 'C:\Users\mikeg\Desktop\Projects\School\CS 5610\CS5610-FinalProject\DeferredShading\x64\Debug\vc120.pdb'; linking object as if no debug info
  DeferredShading.vcxproj -> C:\Users\mikeg\Desktop\Projects\School\CS 5610\CS5610-FinalProject\DeferredShading\x64\Debug\DeferredShading.exe
