C:\Program Files (x86)\Microsoft Visual Studio\2017\Enterprise\Common7\IDE\VC\VCTargets\Microsoft.CppBuild.targets(391,5): warning MSB8028: The intermediate directory (x64\Debug\) contains files shared from another project (Project2.vcxproj, Project3.vcxproj, Project4.vcxproj, Project5.vcxproj).  This can lead to incorrect clean and rebuild behavior.
  Main.cpp
c:\users\mikeg\desktop\projects\school\cs 5610\cs5610\project6\project6\source\headers\camera.hpp(51): warning C4244: 'argument': conversion from 'double' to 'TYPE', possible loss of data
          with
          [
              TYPE=float
          ]
c:\users\mikeg\desktop\projects\school\cs 5610\cs5610\project6\project6\source\headers\camera.hpp(52): warning C4244: 'argument': conversion from 'double' to 'TYPE', possible loss of data
          with
          [
              TYPE=float
          ]
c:\users\mikeg\desktop\projects\school\cs 5610\cs5610\project6\project6\source\headers\camera.hpp(57): warning C4244: 'argument': conversion from 'int' to 'const TYPE', possible loss of data
          with
          [
              TYPE=float
          ]
c:\users\mikeg\desktop\projects\school\cs 5610\cs5610\project6\project6\source\headers\light.hpp(41): warning C4244: 'argument': conversion from 'double' to 'TYPE', possible loss of data
          with
          [
              TYPE=float
          ]
c:\users\mikeg\desktop\projects\school\cs 5610\cs5610\project6\project6\source\headers\light.hpp(42): warning C4244: 'argument': conversion from 'double' to 'TYPE', possible loss of data
          with
          [
              TYPE=float
          ]
c:\users\mikeg\desktop\projects\school\cs 5610\cs5610\project6\project6\source\main.cpp(25): warning C4091: 'typedef ': ignored on left of 'VertexInfo' when no variable is declared
c:\users\mikeg\desktop\projects\school\cs 5610\cs5610\project6\project6\source\main.cpp(127): warning C4018: '<': signed/unsigned mismatch
c:\users\mikeg\desktop\projects\school\cs 5610\cs5610\project6\project6\source\main.cpp(176): warning C4018: '<': signed/unsigned mismatch
c:\users\mikeg\desktop\projects\school\cs 5610\cs5610\project6\project6\source\main.cpp(207): warning C4101: 'height': unreferenced local variable
c:\users\mikeg\desktop\projects\school\cs 5610\cs5610\project6\project6\source\main.cpp(207): warning C4101: 'width': unreferenced local variable
c:\users\mikeg\desktop\projects\school\cs 5610\cs5610\project6\project6\source\main.cpp(497): warning C4018: '<': signed/unsigned mismatch
c:\users\mikeg\desktop\projects\school\cs 5610\cs5610\project6\project6\source\main.cpp(614): warning C4267: 'argument': conversion from 'size_t' to 'GLsizei', possible loss of data
c:\users\mikeg\desktop\projects\school\cs 5610\cs5610\project6\project6\source\main.cpp(688): warning C4244: 'argument': conversion from 'float' to 'int', possible loss of data
c:\users\mikeg\desktop\projects\school\cs 5610\cs5610\project6\project6\source\main.cpp(695): warning C4244: 'argument': conversion from 'float' to 'int', possible loss of data
c:\users\mikeg\desktop\projects\school\cs 5610\cs5610\project6\project6\source\main.cpp(751): warning C4267: 'argument': conversion from 'size_t' to 'GLsizei', possible loss of data
  Project6.vcxproj -> C:\Users\mikeg\Desktop\Projects\School\CS 5610\CS5610\Project6\x64\Debug\Project6.exe
