C:\Program Files (x86)\Microsoft Visual Studio\2017\Enterprise\Common7\IDE\VC\VCTargets\Microsoft.CppBuild.targets(391,5): warning MSB8028: The intermediate directory (x64\Debug\) contains files shared from another project (Project2.vcxproj, Project3.vcxproj, Project4.vcxproj, Project5.vcxproj, Project6.vcxproj).  This can lead to incorrect clean and rebuild behavior.
  Main.cpp
c:\users\mikeg\desktop\projects\school\cs 5610\cs5610\project7\project7\source\headers\camera.hpp(56): warning C4244: 'argument': conversion from 'double' to 'TYPE', possible loss of data
          with
          [
              TYPE=float
          ]
c:\users\mikeg\desktop\projects\school\cs 5610\cs5610\project7\project7\source\headers\camera.hpp(57): warning C4244: 'argument': conversion from 'double' to 'TYPE', possible loss of data
          with
          [
              TYPE=float
          ]
c:\users\mikeg\desktop\projects\school\cs 5610\cs5610\project7\project7\source\headers\camera.hpp(62): warning C4244: 'argument': conversion from 'int' to 'const TYPE', possible loss of data
          with
          [
              TYPE=float
          ]
c:\users\mikeg\desktop\projects\school\cs 5610\cs5610\project7\project7\source\headers\light.hpp(53): warning C4244: 'argument': conversion from 'double' to 'TYPE', possible loss of data
          with
          [
              TYPE=float
          ]
c:\users\mikeg\desktop\projects\school\cs 5610\cs5610\project7\project7\source\headers\light.hpp(54): warning C4244: 'argument': conversion from 'double' to 'TYPE', possible loss of data
          with
          [
              TYPE=float
          ]
c:\users\mikeg\desktop\projects\school\cs 5610\cs5610\project7\project7\source\main.cpp(25): warning C4091: 'typedef ': ignored on left of 'VertexInfo' when no variable is declared
c:\users\mikeg\desktop\projects\school\cs 5610\cs5610\project7\project7\source\main.cpp(100): warning C4018: '<': signed/unsigned mismatch
c:\users\mikeg\desktop\projects\school\cs 5610\cs5610\project7\project7\source\main.cpp(136): warning C4101: 'height': unreferenced local variable
c:\users\mikeg\desktop\projects\school\cs 5610\cs5610\project7\project7\source\main.cpp(136): warning C4101: 'width': unreferenced local variable
c:\users\mikeg\desktop\projects\school\cs 5610\cs5610\project7\project7\source\main.cpp(406): warning C4267: 'argument': conversion from 'size_t' to 'GLsizei', possible loss of data
c:\users\mikeg\desktop\projects\school\cs 5610\cs5610\project7\project7\source\main.cpp(418): warning C4267: 'argument': conversion from 'size_t' to 'GLsizei', possible loss of data
c:\users\mikeg\desktop\projects\school\cs 5610\cs5610\project7\project7\source\main.cpp(478): warning C4244: 'argument': conversion from 'float' to 'int', possible loss of data
c:\users\mikeg\desktop\projects\school\cs 5610\cs5610\project7\project7\source\main.cpp(485): warning C4244: 'argument': conversion from 'float' to 'int', possible loss of data
c:\users\mikeg\desktop\projects\school\cs 5610\cs5610\project7\project7\source\main.cpp(511): warning C4267: 'argument': conversion from 'size_t' to 'GLsizei', possible loss of data
c:\users\mikeg\desktop\projects\school\cs 5610\cs5610\project7\project7\source\main.cpp(567): warning C4267: 'argument': conversion from 'size_t' to 'GLsizei', possible loss of data
  Project7.vcxproj -> C:\Users\mikeg\Desktop\Projects\School\CS 5610\CS5610\Project7\x64\Debug\Project7.exe
