  Main.cpp
c:\users\mikeg\desktop\projects\school\cs 5610\cs5610-finalproject\finalproject\finalproject\headers\scenes\forwardrenderingscene.hpp(75): warning C4244: 'initializing': conversion from 'double' to 'float', possible loss of data
c:\users\mikeg\desktop\projects\school\cs 5610\cs5610-finalproject\finalproject\finalproject\headers\scenes\forwardrenderingscene.hpp(76): warning C4244: 'initializing': conversion from 'double' to 'float', possible loss of data
c:\users\mikeg\desktop\projects\school\cs 5610\cs5610-finalproject\finalproject\finalproject\headers\scenes\forwardrenderingscene.hpp(51): warning C4244: '=': conversion from 'double' to 'float', possible loss of data
c:\users\mikeg\desktop\projects\school\cs 5610\cs5610-finalproject\finalproject\finalproject\headers\scenes\forwardrenderingscene.hpp(52): warning C4244: '=': conversion from 'double' to 'float', possible loss of data
c:\users\mikeg\desktop\projects\school\cs 5610\cs5610-finalproject\finalproject\finalproject\headers\scenes\forwardrenderingscene.hpp(56): warning C4244: 'initializing': conversion from 'double' to 'float', possible loss of data
c:\users\mikeg\desktop\projects\school\cs 5610\cs5610-finalproject\finalproject\finalproject\headers\scenes\forwardrenderingscene.hpp(57): warning C4244: 'initializing': conversion from 'double' to 'float', possible loss of data
c:\users\mikeg\desktop\projects\school\cs 5610\cs5610-finalproject\finalproject\finalproject\headers\scenes\forwardrenderingscene.hpp(59): warning C4244: '=': conversion from 'double' to 'float', possible loss of data
c:\users\mikeg\desktop\projects\school\cs 5610\cs5610-finalproject\finalproject\finalproject\headers\scenes\forwardrenderingscene.hpp(60): warning C4244: '=': conversion from 'double' to 'float', possible loss of data
c:\users\mikeg\desktop\projects\school\cs 5610\cs5610-finalproject\finalproject\finalproject\headers\scenes\forwardrenderingscene.hpp(67): warning C4244: 'argument': conversion from 'double' to 'float', possible loss of data
c:\users\mikeg\desktop\projects\school\cs 5610\cs5610-finalproject\finalproject\finalproject\headers\scenes\debug.hpp(113): warning C4244: 'initializing': conversion from 'double' to 'float', possible loss of data
c:\users\mikeg\desktop\projects\school\cs 5610\cs5610-finalproject\finalproject\finalproject\headers\scenes\debug.hpp(114): warning C4244: 'initializing': conversion from 'double' to 'float', possible loss of data
c:\users\mikeg\desktop\projects\school\cs 5610\cs5610-finalproject\finalproject\finalproject\headers\scenes\debug.hpp(72): warning C4244: '=': conversion from 'double' to 'float', possible loss of data
c:\users\mikeg\desktop\projects\school\cs 5610\cs5610-finalproject\finalproject\finalproject\headers\scenes\debug.hpp(73): warning C4244: '=': conversion from 'double' to 'float', possible loss of data
c:\users\mikeg\desktop\projects\school\cs 5610\cs5610-finalproject\finalproject\finalproject\headers\scenes\debug.hpp(77): warning C4244: 'initializing': conversion from 'double' to 'float', possible loss of data
c:\users\mikeg\desktop\projects\school\cs 5610\cs5610-finalproject\finalproject\finalproject\headers\scenes\debug.hpp(78): warning C4244: 'initializing': conversion from 'double' to 'float', possible loss of data
c:\users\mikeg\desktop\projects\school\cs 5610\cs5610-finalproject\finalproject\finalproject\headers\scenes\debug.hpp(80): warning C4244: '=': conversion from 'double' to 'float', possible loss of data
c:\users\mikeg\desktop\projects\school\cs 5610\cs5610-finalproject\finalproject\finalproject\headers\scenes\debug.hpp(81): warning C4244: '=': conversion from 'double' to 'float', possible loss of data
c:\users\mikeg\desktop\projects\school\cs 5610\cs5610-finalproject\finalproject\finalproject\headers\scenes\debug.hpp(88): warning C4244: 'argument': conversion from 'double' to 'float', possible loss of data
c:\users\mikeg\desktop\projects\school\cs 5610\cs5610-finalproject\finalproject\finalproject\headers\scenes\deferredshading.hpp(72): warning C4305: 'initializing': truncation from 'double' to 'float'
c:\users\mikeg\desktop\projects\school\cs 5610\cs5610-finalproject\finalproject\finalproject\headers\scenes\deferredshading.hpp(73): warning C4305: 'initializing': truncation from 'double' to 'float'
c:\users\mikeg\desktop\projects\school\cs 5610\cs5610-finalproject\finalproject\finalproject\headers\scenes\deferredshading.hpp(108): warning C4244: 'initializing': conversion from 'double' to 'float', possible loss of data
c:\users\mikeg\desktop\projects\school\cs 5610\cs5610-finalproject\finalproject\finalproject\headers\scenes\deferredshading.hpp(109): warning C4244: 'initializing': conversion from 'double' to 'float', possible loss of data
c:\users\mikeg\desktop\projects\school\cs 5610\cs5610-finalproject\finalproject\finalproject\headers\scenes\deferredshading.hpp(110): warning C4244: 'initializing': conversion from 'double' to 'float', possible loss of data
c:\users\mikeg\desktop\projects\school\cs 5610\cs5610-finalproject\finalproject\finalproject\headers\scenes\deferredshading.hpp(113): warning C4244: 'initializing': conversion from 'double' to 'float', possible loss of data
c:\users\mikeg\desktop\projects\school\cs 5610\cs5610-finalproject\finalproject\finalproject\headers\scenes\deferredshading.hpp(114): warning C4244: 'initializing': conversion from 'double' to 'float', possible loss of data
c:\users\mikeg\desktop\projects\school\cs 5610\cs5610-finalproject\finalproject\finalproject\headers\scenes\deferredshading.hpp(115): warning C4244: 'initializing': conversion from 'double' to 'float', possible loss of data
  FinalProject.vcxproj -> C:\Users\mikeg\Desktop\Projects\School\CS 5610\CS5610-FinalProject\FinalProject\Debug\FinalProject.exe
